<?xml version="1.0" encoding="UTF-8"?>
<!-- Generated by org.testng.reporters.JUnitReportReporter -->
<testsuite hostname="DESKTOP-U1JVRC1" failures="0" tests="1" name="PriorityDemo.TestNGParameterDemo" time="0.014" errors="0" timestamp="2020-10-13T14:31:15 IST" skipped="0">
  <testcase classname="PriorityDemo.TestNGParameterDemo" name="test" time="0.014"/>
  <system-out/>
</testsuite> <!-- PriorityDemo.TestNGParameterDemo -->
