<?xml version="1.0" encoding="UTF-8"?>
<!-- Generated by org.testng.reporters.JUnitReportReporter -->
<testsuite hostname="sandeep-PC" name="test.ExtentReportBasicDemo" tests="1" failures="0" timestamp="7 Aug 2020 06:35:52 GMT" time="54.805" errors="0">
  <testcase name="ExtentDemo" time="54.805" classname="test.ExtentReportBasicDemo"/>
</testsuite> <!-- test.ExtentReportBasicDemo -->
