<?xml version="1.0" encoding="UTF-8"?>
<!-- Generated by org.testng.reporters.JUnitReportReporter -->
<testsuite hostname="DESKTOP-U1JVRC1" failures="0" tests="2" name="PriorityDemo.TestNGMultiBrowserDemo" time="14.124" errors="0" timestamp="2020-10-05T12:39:45 IST" skipped="0">
  <testcase classname="PriorityDemo.TestNGMultiBrowserDemo" name="test" time="5.581"/>
  <system-out/>
  <testcase classname="PriorityDemo.TestNGMultiBrowserDemo" name="test" time="8.543"/>
  <system-out/>
</testsuite> <!-- PriorityDemo.TestNGMultiBrowserDemo -->
