<?xml version="1.0" encoding="UTF-8"?>
<!-- Generated by org.testng.reporters.JUnitReportReporter -->
<testsuite hostname="DESKTOP-U1JVRC1" failures="0" tests="2" name="utils.ExcelDataProvider" time="9.077" errors="0" timestamp="2020-10-02T18:36:58 IST" skipped="0">
  <testcase classname="utils.ExcelDataProvider" name="test1" time="3.639"/>
  <system-out/>
  <testcase classname="utils.ExcelDataProvider" name="test1" time="5.438"/>
  <system-out/>
</testsuite> <!-- utils.ExcelDataProvider -->
