<?xml version="1.0" encoding="UTF-8"?>
<!-- Generated by org.testng.reporters.JUnitReportReporter -->
<testsuite hostname="DESKTOP-U1JVRC1" failures="0" tests="2" name="PriorityDemo.TestNGIgnoreDemo" time="0.017" errors="0" timestamp="2020-10-14T19:13:11 IST" skipped="1">
  <testcase classname="PriorityDemo.TestNGIgnoreDemo" name="test2" time="0.017"/>
  <system-out/>
  <testcase classname="PriorityDemo.TestNGIgnoreDemo" name="test1">
    <skipped/>
  </testcase> <!-- test1 -->
  <system-out/>
</testsuite> <!-- PriorityDemo.TestNGIgnoreDemo -->
