<?xml version="1.0" encoding="UTF-8"?>
<!-- Generated by org.testng.reporters.JUnitReportReporter -->
<testsuite hostname="DESKTOP-U1JVRC1" failures="0" tests="4" name="PriorityDemo.TestNGGroupDemo" time="0.014" errors="0" timestamp="2020-10-14T13:59:55 IST" skipped="0">
  <testcase classname="PriorityDemo.TestNGGroupDemo" name="test2" time="0.003"/>
  <system-out/>
  <testcase classname="PriorityDemo.TestNGGroupDemo" name="test3" time="0.004"/>
  <system-out/>
  <testcase classname="PriorityDemo.TestNGGroupDemo" name="test4" time="0.004"/>
  <system-out/>
  <testcase classname="PriorityDemo.TestNGGroupDemo" name="test1" time="0.003"/>
  <system-out/>
</testsuite> <!-- PriorityDemo.TestNGGroupDemo -->
