<?xml version="1.0" encoding="UTF-8"?>
<!-- Generated by org.testng.reporters.JUnitReportReporter -->
<testsuite hostname="DESKTOP-U1JVRC1" failures="0" tests="2" name="utils.ExcelDataProvider1" time="10.889" errors="0" timestamp="2020-09-14T02:09:31 IST" skipped="0">
  <testcase classname="utils.ExcelDataProvider1" name="test1" time="3.601"/>
  <system-out/>
  <testcase classname="utils.ExcelDataProvider1" name="test1" time="7.288"/>
  <system-out/>
</testsuite> <!-- utils.ExcelDataProvider1 -->
