<?xml version="1.0" encoding="UTF-8"?>
<!-- Generated by org.testng.reporters.JUnitReportReporter -->
<testsuite hostname="DESKTOP-U1JVRC1" failures="0" tests="3" name="PriorityDemo.TestNGDependencyDemo" time="0.021" errors="0" timestamp="2020-10-14T14:04:21 IST" skipped="0">
  <testcase classname="PriorityDemo.TestNGDependencyDemo" name="test2" time="0.015"/>
  <system-out/>
  <testcase classname="PriorityDemo.TestNGDependencyDemo" name="test3" time="0.003"/>
  <system-out/>
  <testcase classname="PriorityDemo.TestNGDependencyDemo" name="test1" time="0.003"/>
  <system-out/>
</testsuite> <!-- PriorityDemo.TestNGDependencyDemo -->
