<?xml version="1.0" encoding="UTF-8"?>
<!-- Generated by org.testng.reporters.JUnitReportReporter -->
<testsuite hostname="DESKTOP-U1JVRC1" failures="0" tests="3" name="PriorityDemo.TestNGPriorityDemo" time="0.018" errors="0" timestamp="2020-10-05T01:12:40 IST" skipped="0">
  <testcase classname="PriorityDemo.TestNGPriorityDemo" name="TestA" time="0.015"/>
  <system-out/>
  <testcase classname="PriorityDemo.TestNGPriorityDemo" name="TestC" time="0.002"/>
  <system-out/>
  <testcase classname="PriorityDemo.TestNGPriorityDemo" name="TestD" time="0.001"/>
  <system-out/>
</testsuite> <!-- PriorityDemo.TestNGPriorityDemo -->
