<?xml version="1.0" encoding="UTF-8"?>
<!-- Generated by org.testng.reporters.JUnitReportReporter -->
<testsuite hostname="DESKTOP-U1JVRC1" failures="0" tests="3" name="listners.TestNGlistinersDemo2" time="0.014" errors="0" timestamp="2020-09-29T12:35:12 IST" skipped="1">
  <testcase classname="listners.TestNGlistinersDemo2" name="test5" time="0.006"/>
  <system-out/>
  <testcase classname="listners.TestNGlistinersDemo2" name="test6" time="0.005">
    <skipped/>
  </testcase> <!-- test6 -->
  <system-out/>
  <testcase classname="listners.TestNGlistinersDemo2" name="test4" time="0.003"/>
  <system-out/>
</testsuite> <!-- listners.TestNGlistinersDemo2 -->
