<?xml version="1.0" encoding="UTF-8"?>
<!-- Generated by org.testng.reporters.JUnitReportReporter -->
<testsuite hostname="DESKTOP-U1JVRC1" failures="0" tests="1" name="PriorityDemo.Test1" time="11.671" errors="0" timestamp="2020-10-20T14:47:20 IST" skipped="0">
  <testcase classname="PriorityDemo.Test1" name="test1" time="11.671"/>
  <system-out/>
</testsuite> <!-- PriorityDemo.Test1 -->
