<?xml version="1.0" encoding="UTF-8"?>
<!-- Generated by org.testng.reporters.JUnitReportReporter -->
<testsuite hostname="sandeep-PC" name="test.TestNGDemo_Properties" tests="1" failures="0" timestamp="13 Aug 2020 06:18:11 GMT" time="35.404" errors="0">
  <testcase name="googlepagesearch" time="35.404" classname="test.TestNGDemo_Properties"/>
</testsuite> <!-- test.TestNGDemo_Properties -->
