<?xml version="1.0" encoding="UTF-8"?>
<!-- Generated by org.testng.reporters.JUnitReportReporter -->
<testsuite hostname="DESKTOP-U1JVRC1" failures="0" tests="2" name="listners.TestNGlistinersSeleniumDemo" time="16.689" errors="0" timestamp="2020-09-29T12:35:12 IST" skipped="0">
  <testcase classname="listners.TestNGlistinersSeleniumDemo" name="test8" time="16.686"/>
  <system-out/>
  <testcase classname="listners.TestNGlistinersSeleniumDemo" name="test7" time="0.003"/>
  <system-out/>
</testsuite> <!-- listners.TestNGlistinersSeleniumDemo -->
