<?xml version="1.0" encoding="UTF-8"?>
<!-- Generated by org.testng.reporters.JUnitReportReporter -->
<testsuite hostname="sandeep-PC" name="test.Test_Googlesearchpages_TestNG" tests="1" failures="0" timestamp="4 Aug 2020 18:47:04 GMT" time="9.737" errors="0">
  <testcase name="googlesearch" time="9.737" classname="test.Test_Googlesearchpages_TestNG"/>
</testsuite> <!-- test.Test_Googlesearchpages_TestNG -->
